<?xml version="1.0" encoding="UTF-8"?>
<testsuite name="io.grpc.auth.ClientAuthInterceptorTests" tests="3" skipped="0" failures="0" errors="0" timestamp="2015-03-22T19:14:16" hostname="xek" time="0.184">
  <properties/>
  <testcase name="testWithOAuth2Credential" classname="io.grpc.auth.ClientAuthInterceptorTests" time="0.167"/>
  <testcase name="testCopyCredentialToHeaders" classname="io.grpc.auth.ClientAuthInterceptorTests" time="0.01"/>
  <testcase name="testCredentialsThrows" classname="io.grpc.auth.ClientAuthInterceptorTests" time="0.007"/>
  <system-out><![CDATA[]]></system-out>
  <system-err><![CDATA[]]></system-err>
</testsuite>
