<?xml version="1.0" encoding="UTF-8"?>
<testsuite name="io.grpc.transport.netty.NettyWritableBufferTest" tests="7" skipped="0" failures="0" errors="0" timestamp="2015-03-22T19:14:58" hostname="xek" time="0.005">
  <properties/>
  <testcase name="testWriteSrcIndexAndLengthExceedSrcLength" classname="io.grpc.transport.netty.NettyWritableBufferTest" time="0.002"/>
  <testcase name="testWritableAndReadableBytes" classname="io.grpc.transport.netty.NettyWritableBufferTest" time="0.0"/>
  <testcase name="testWriteNegativeLength" classname="io.grpc.transport.netty.NettyWritableBufferTest" time="0.0"/>
  <testcase name="testWriteSrcIndex" classname="io.grpc.transport.netty.NettyWritableBufferTest" time="0.0"/>
  <testcase name="testMultipleWrites" classname="io.grpc.transport.netty.NettyWritableBufferTest" time="0.001"/>
  <testcase name="testWriteSrcIndexAndLengthExceedWritableBytes" classname="io.grpc.transport.netty.NettyWritableBufferTest" time="0.0"/>
  <testcase name="testWriteNegativeSrcIndex" classname="io.grpc.transport.netty.NettyWritableBufferTest" time="0.0"/>
  <system-out><![CDATA[]]></system-out>
  <system-err><![CDATA[]]></system-err>
</testsuite>
