<?xml version="1.0" encoding="UTF-8"?>
<testsuite name="io.grpc.stub.CallsTest" tests="3" skipped="0" failures="0" errors="0" timestamp="2015-03-22T19:15:03" hostname="xek" time="0.131">
  <properties/>
  <testcase name="unaryFutureCallCancelled" classname="io.grpc.stub.CallsTest" time="0.126"/>
  <testcase name="unaryFutureCallFailed" classname="io.grpc.stub.CallsTest" time="0.002"/>
  <testcase name="unaryFutureCallSuccess" classname="io.grpc.stub.CallsTest" time="0.002"/>
  <system-out><![CDATA[]]></system-out>
  <system-err><![CDATA[]]></system-err>
</testsuite>
