<?xml version="1.0" encoding="UTF-8"?>
<testsuite name="io.grpc.transport.HttpUtilTest" tests="4" skipped="0" failures="0" errors="0" timestamp="2015-03-22T19:14:29" hostname="xek" time="0.003">
  <properties/>
  <testcase name="http2ErrorStatus" classname="io.grpc.transport.HttpUtilTest" time="0.002"/>
  <testcase name="http2ErrorRoundTrip" classname="io.grpc.transport.HttpUtilTest" time="0.0"/>
  <testcase name="http2ErrorStatusForCode" classname="io.grpc.transport.HttpUtilTest" time="0.0"/>
  <testcase name="http2ErrorForCode" classname="io.grpc.transport.HttpUtilTest" time="0.0"/>
  <system-out><![CDATA[]]></system-out>
  <system-err><![CDATA[]]></system-err>
</testsuite>
