<?xml version="1.0" encoding="UTF-8"?>
<testsuite name="io.grpc.ServerInterceptorsTest" tests="9" skipped="0" failures="0" errors="0" timestamp="2015-03-22T19:14:29" hostname="xek" time="0.037">
  <properties/>
  <testcase name="npeForNullInterceptorList" classname="io.grpc.ServerInterceptorsTest" time="0.006"/>
  <testcase name="ordered" classname="io.grpc.ServerInterceptorsTest" time="0.003"/>
  <testcase name="callNextTwice" classname="io.grpc.ServerInterceptorsTest" time="0.002"/>
  <testcase name="argumentsPassed" classname="io.grpc.ServerInterceptorsTest" time="0.002"/>
  <testcase name="noop" classname="io.grpc.ServerInterceptorsTest" time="0.001"/>
  <testcase name="npeForNullServiceDefinition" classname="io.grpc.ServerInterceptorsTest" time="0.001"/>
  <testcase name="multipleInvocationsOfHandler" classname="io.grpc.ServerInterceptorsTest" time="0.014"/>
  <testcase name="correctHandlerCalled" classname="io.grpc.ServerInterceptorsTest" time="0.002"/>
  <testcase name="npeForNullInterceptor" classname="io.grpc.ServerInterceptorsTest" time="0.001"/>
  <system-out><![CDATA[]]></system-out>
  <system-err><![CDATA[]]></system-err>
</testsuite>
