<?xml version="1.0" encoding="UTF-8"?>
<testsuite name="io.grpc.transport.okhttp.OkHttpWritableBufferAllocatorTest" tests="2" skipped="0" failures="0" errors="0" timestamp="2015-03-22T19:15:01" hostname="xek" time="0.0">
  <properties/>
  <testcase name="testBuffersAreDifferent" classname="io.grpc.transport.okhttp.OkHttpWritableBufferAllocatorTest" time="0.0"/>
  <testcase name="testCapacity" classname="io.grpc.transport.okhttp.OkHttpWritableBufferAllocatorTest" time="0.0"/>
  <system-out><![CDATA[]]></system-out>
  <system-err><![CDATA[]]></system-err>
</testsuite>
