<?xml version="1.0" encoding="UTF-8"?>
<testsuite name="io.grpc.testing.integration.Http2NettyLocalChannelTest" tests="13" skipped="0" failures="0" errors="0" timestamp="2015-03-22T19:14:38" hostname="xek" time="5.288">
  <properties/>
  <testcase name="exchangeContextUnaryCall" classname="io.grpc.testing.integration.Http2NettyLocalChannelTest" time="0.665"/>
  <testcase name="emptyUnary" classname="io.grpc.testing.integration.Http2NettyLocalChannelTest" time="0.021"/>
  <testcase name="pingPong" classname="io.grpc.testing.integration.Http2NettyLocalChannelTest" time="0.389"/>
  <testcase name="clientStreaming" classname="io.grpc.testing.integration.Http2NettyLocalChannelTest" time="0.016"/>
  <testcase name="fullDuplexCallShouldSucceed" classname="io.grpc.testing.integration.Http2NettyLocalChannelTest" time="0.017"/>
  <testcase name="serverStreaming" classname="io.grpc.testing.integration.Http2NettyLocalChannelTest" time="0.017"/>
  <testcase name="cancelAfterFirstResponse" classname="io.grpc.testing.integration.Http2NettyLocalChannelTest" time="0.027"/>
  <testcase name="cancelAfterBegin" classname="io.grpc.testing.integration.Http2NettyLocalChannelTest" time="0.002"/>
  <testcase name="emptyStream" classname="io.grpc.testing.integration.Http2NettyLocalChannelTest" time="0.016"/>
  <testcase name="streamingOutputShouldBeFlowControlled" classname="io.grpc.testing.integration.Http2NettyLocalChannelTest" time="4.006"/>
  <testcase name="halfDuplexCallShouldSucceed" classname="io.grpc.testing.integration.Http2NettyLocalChannelTest" time="0.046"/>
  <testcase name="exchangeContextStreamingCall" classname="io.grpc.testing.integration.Http2NettyLocalChannelTest" time="0.036"/>
  <testcase name="largeUnary" classname="io.grpc.testing.integration.Http2NettyLocalChannelTest" time="0.021"/>
  <system-out><![CDATA[]]></system-out>
  <system-err><![CDATA[]]></system-err>
</testsuite>
